<?xml version="1.0" encoding="UTF-8"?>
<testng-results skipped="0" failed="0" ignored="0" total="0" passed="0">
  <reporter-output>
  </reporter-output>
  <suite name="test.stepdefinition.TestStepdefinition" duration-ms="3" started-at="2019-12-29T01:28:49Z" finished-at="2019-12-29T01:28:49Z">
    <groups>
    </groups>
    <test name="Command line test" duration-ms="3" started-at="2019-12-29T01:28:49Z" finished-at="2019-12-29T01:28:49Z">
    </test> <!-- Command line test -->
  </suite> <!-- test.stepdefinition.TestStepdefinition -->
</testng-results>
